e:\code\c++\mfcapplication20180914\mfcapplication20180914\debug\mfcapplication20180914.pch
e:\code\c++\mfcapplication20180914\mfcapplication20180914\debug\vc141.pdb
e:\code\c++\mfcapplication20180914\mfcapplication20180914\debug\vc141.idb
e:\code\c++\mfcapplication20180914\mfcapplication20180914\debug\stdafx.obj
e:\code\c++\mfcapplication20180914\mfcapplication20180914\debug\viewtree.obj
e:\code\c++\mfcapplication20180914\mfcapplication20180914\debug\propertieswnd.obj
e:\code\c++\mfcapplication20180914\mfcapplication20180914\debug\outputwnd.obj
e:\code\c++\mfcapplication20180914\mfcapplication20180914\debug\mfcapplication20180914view.obj
e:\code\c++\mfcapplication20180914\mfcapplication20180914\debug\mfcapplication20180914.obj
e:\code\c++\mfcapplication20180914\mfcapplication20180914\debug\mainfrm.obj
e:\code\c++\mfcapplication20180914\mfcapplication20180914\debug\fileview.obj
e:\code\c++\mfcapplication20180914\mfcapplication20180914\debug\classview.obj
e:\code\c++\mfcapplication20180914\mfcapplication20180914\debug\childfrm.obj
e:\code\c++\mfcapplication20180914\mfcapplication20180914\debug\mfcapplication20180914doc.obj
e:\code\c++\mfcapplication20180914\debug\mfcapplication20180914.exe
e:\code\c++\mfcapplication20180914\debug\mfcapplication20180914.ilk
e:\code\c++\mfcapplication20180914\debug\mfcapplication20180914.pdb
e:\code\c++\mfcapplication20180914\mfcapplication20180914\debug\mfcapplication20180914.res
e:\code\c++\pixmerge\mfcapplication20180914\mfcapplication20180914\debug\childfrm.obj
e:\code\c++\pixmerge\mfcapplication20180914\mfcapplication20180914\debug\classview.obj
e:\code\c++\pixmerge\mfcapplication20180914\mfcapplication20180914\debug\fileview.obj
e:\code\c++\pixmerge\mfcapplication20180914\mfcapplication20180914\debug\mainfrm.obj
e:\code\c++\pixmerge\mfcapplication20180914\mfcapplication20180914\debug\mfcapplication20180914.obj
e:\code\c++\pixmerge\mfcapplication20180914\mfcapplication20180914\debug\mfcapplication20180914doc.obj
e:\code\c++\pixmerge\mfcapplication20180914\mfcapplication20180914\debug\mfcapplication20180914view.obj
e:\code\c++\pixmerge\mfcapplication20180914\mfcapplication20180914\debug\outputwnd.obj
e:\code\c++\pixmerge\mfcapplication20180914\mfcapplication20180914\debug\propertieswnd.obj
e:\code\c++\pixmerge\mfcapplication20180914\mfcapplication20180914\debug\stdafx.obj
e:\code\c++\pixmerge\mfcapplication20180914\mfcapplication20180914\debug\viewtree.obj
e:\code\c++\pixmerge\mfcapplication20180914\mfcapplication20180914\debug\mfcapplication20180914.res
e:\code\c++\pixmerge\mfcapplication20180914\mfcapplication20180914\debug\mfcapplication20180914.pch
e:\code\c++\pixmerge\mfcapplication20180914\mfcapplication20180914\debug\vc141.idb
e:\code\c++\pixmerge\mfcapplication20180914\mfcapplication20180914\debug\vc141.pdb
e:\code\c++\pixmerge\mfcapplication20180914\debug\mfcapplication20180914.pdb
e:\code\c++\pixmerge\mfcapplication20180914\debug\mfcapplication20180914.exe
e:\code\c++\pixmerge\mfcapplication20180914\debug\mfcapplication20180914.ilk
e:\code\c++\pixmerge\mfcapplication20180914\mfcapplication20180914\debug\mfcappli.9fdbba79.tlog\cl.command.1.tlog
e:\code\c++\pixmerge\mfcapplication20180914\mfcapplication20180914\debug\mfcappli.9fdbba79.tlog\cl.read.1.tlog
e:\code\c++\pixmerge\mfcapplication20180914\mfcapplication20180914\debug\mfcappli.9fdbba79.tlog\cl.write.1.tlog
e:\code\c++\pixmerge\mfcapplication20180914\mfcapplication20180914\debug\mfcappli.9fdbba79.tlog\link.command.1.tlog
e:\code\c++\pixmerge\mfcapplication20180914\mfcapplication20180914\debug\mfcappli.9fdbba79.tlog\link.read.1.tlog
e:\code\c++\pixmerge\mfcapplication20180914\mfcapplication20180914\debug\mfcappli.9fdbba79.tlog\link.write.1.tlog
e:\code\c++\pixmerge\mfcapplication20180914\mfcapplication20180914\debug\mfcappli.9fdbba79.tlog\rc.command.1.tlog
e:\code\c++\pixmerge\mfcapplication20180914\mfcapplication20180914\debug\mfcappli.9fdbba79.tlog\rc.read.1.tlog
e:\code\c++\pixmerge\mfcapplication20180914\mfcapplication20180914\debug\mfcappli.9fdbba79.tlog\rc.write.1.tlog
